[07.03.13] - Start

[08.03.13] [Harti]
~ Anti-Cheat gefixt und performanter gemacht (Test benötigt)
- AllowAdminTeleport() entfernt (veraltete Funktion)


[09.03.13] [Harti]
+ Taxes, faction_funds Variable (ausgelesen aus DB)
~ clean_db.sql + DB Namen im Script updated
+ AddPlayerClass in OnGameModeInit() um Bugs zu vermeiden
~ sscanf plugin updated


[12.03.13] [Harti]
+ Erste Implementation von YCMD
  Buggy: /say /motd (nicht YMCD related)
~ /help fixed
+ FactionRank in Accountübersicht


[13.03.13] [Harti]
~ /say fixed
~ Adminchat verändert + Supportchat eingeführt ( /a, testen mit non-Admin)
+ Funktion: ClearChat(playerid)
~ /ann updated
+ ChatBubbles
~ /givecash fixed
+ Fahrlizenzen in Accountübersicht
~ /set verbessert
+ Debug CMD: /loadacc
~ Führerscheinmessages fixed
~ MD5 durch SHA256 Hash ausgetauscht
~ MySQL Charsets angepasst