samp2k13 Design ToDo

+ = hinzufügen
- = enfernen
~ = verändern

---------------------------------




Mapping;
	-	LV
	+	Verkehrsschilder
	+	Busbahnhof SF+LS
	+	Blitzer
	~	LSPD
	~	LSMC

Design:
	+ 	Tazersymbole
	+	Login Screen
	~ 	Fraktionskasse: In Dialog packen
	~ 	"/set" ins Scoreboard integrieren
	~ 	Fraktions-Spawns nach LS verschieben
	~	/showme, /showmembers in Dialog packen
	~	SendClientMessage bei fehlendem Führerschein in TextDraw/Label/whatever ändern
	~	Pickups fixen
	~ 	MOTD fixen: \r\n wird ausgegeben anstatt eine neue Zeile angefangen 
