[07.03.13] - Start

[08.03.13] [Harti]
~ Anti-Cheat gefixt und performanter gemacht (Test benötigt)
- AllowAdminTeleport() entfernt (veraltete Funktion)


[09.03.13] [Harti]
+ Taxes, faction_funds Variable (ausgelesen aus DB)
~ clean_db.sql + DB Namen im Script updated
+ AddPlayerClass in OnGameModeInit() um Bugs zu vermeiden
~ sscanf plugin updated


[12.03.13] [Harti]
+ Erste Implementation von YCMD
  Buggy: /say /motd (nicht YMCD related)
~ /help fixed
+ FactionRank in Accountübersicht


[13.03.13] [Harti]
~ /say fixed
~ Adminchat verändert + Supportchat eingeführt ( /a, testen mit non-Admin)
+ Funktion: ClearChat(playerid)
~ /ann updated
+ ChatBubbles
~ /givecash fixed
+ Fahrlizenzen in Accountübersicht
~ /set verbessert
+ Debug CMD: /loadacc
~ Führerscheinmessages fixed
~ MD5 durch SHA256 Hash ausgetauscht
~ MySQL Charsets angepasst

[14.03.13] [Harti]
~ /showmembers, /warn fixed, timeban eingeführt (7 Tage)
+ banned_until in DB, charsets angepasst
+ Funktion: ConvertNewLine(string[], backstring[])
- String2Integer (strval does the same)
~ String2Log verbessert (01.03.2013 anstatt 1.3.2013, Zeit auch immer zweistellig)
~ Skins von Arzt, Medic und Fahrschule verändert
~ SendNearByMessage Farben verändert (TESTEN!)
~ /set performanter gemacht
~ Includes updated
+ /tazer


[15.03.13 - 17.03.13] [Harti]
*** MAJOR Update:
	~ MySQL Plugin auf R7r8 udpated (höhere Versionen geben Fehler)
	~ Script umstrukturiert (siehe scripting.lst) und formatiert
	~ Kleine Funktionen outsourced (samp2k13.inc)
	~ Viele Bugfixes und Performanceverbesserungen (zB. Accountanzeige)
	
	
[18.03.13] [Harti]
~ MySQL fixed, DB Struktur verändert
+ justRegistered, duty und wanted Variable
~ /getfunds verbessert
+ unglaublich geiler /duty cmd

[19.03.13] [Harti]
+ Vehikelsave + load
~ /duty, Chat und mehr fixed
+ Objekte (LSPD)

[20.03.13] [Harti]
+ Vehikel visual damage save + load
~ Funktionen einheitlich umbenannt

