samp2k13 Design ToDo

+ = hinzuf체gen
- = enfernen
~ = ver채ndern

---------------------------------




Mapping;
	-	LV
	+	Verkehrsschilder
	+ 	Parkplatz vor MC
	+	Busbahnhof SF+LS
	+	Blitzer

Design:
	+ Uhr (!!)
	+ Tazersymbole
	~ 	Fraktionskasse: In Dialog packen
	~ 	"/set" ins Scoreboard integrieren
	~ 	Fraktions-Spawns nach LS verschieben
	~	/showme, /showmembers in Dialog packen
	~	SendClientMessage bei fehlendem F체hrerschein in TextDraw/Label/whatever 채ndern
	~	Pickups fixen
	~ 	MOTD fixen: \r\n wird ausgegeben anstatt eine neue Zeile angefangen 
